[INFO] Scanning for projects...
[WARNING] 
[WARNING] Some problems were encountered while building the effective model for com:BookStore:jar:0.0.1-SNAPSHOT
[WARNING] 'dependencies.dependency.(groupId:artifactId:type:classifier)' must be unique: org.springframework.boot:spring-boot-starter-web:jar -> duplicate declaration of version (?) @ line 125, column 15
[WARNING] 
[WARNING] It is highly recommended to fix these problems because they threaten the stability of your build.
[WARNING] 
[WARNING] For this reason, future Maven versions might no longer support building such malformed projects.
[WARNING] 
[INFO] 
[INFO] ---------------------------< com:BookStore >----------------------------
[INFO] Building BookStore 0.0.1-SNAPSHOT
[INFO]   from pom.xml
[INFO] --------------------------------[ jar ]---------------------------------
[INFO] 
[INFO] --- clean:3.3.2:clean (default-clean) @ BookStore ---
[INFO] Deleting D:\BookStore\backend\target
[INFO] 
[INFO] --- resources:3.3.1:resources (default-resources) @ BookStore ---
[INFO] Copying 1 resource from src\main\resources to target\classes
[INFO] Copying 5 resources from src\main\resources to target\classes
[INFO] 
[INFO] --- compiler:3.13.0:compile (default-compile) @ BookStore ---
[INFO] Recompiling the module because of changed source code.
[INFO] Compiling 90 source files with javac [debug parameters release 21] to target\classes
[INFO] -------------------------------------------------------------
[ERROR] COMPILATION ERROR : 
[INFO] -------------------------------------------------------------
[ERROR] /D:/BookStore/backend/src/main/java/com/bookstore/controller/AuthController.java:[47,61] cannot find symbol
  symbol:   class OtpType
  location: package com.bookstore.domain.entity
[ERROR] /D:/BookStore/backend/src/main/java/com/bookstore/controller/AuthController.java:[59,61] cannot find symbol
  symbol:   class OtpType
  location: package com.bookstore.domain.entity
[ERROR] /D:/BookStore/backend/src/main/java/com/bookstore/controller/AuthController.java:[71,61] cannot find symbol
  symbol:   class OtpType
  location: package com.bookstore.domain.entity
[ERROR] /D:/BookStore/backend/src/main/java/com/bookstore/controller/AuthController.java:[105,61] cannot find symbol
  symbol:   class OtpType
  location: package com.bookstore.domain.entity
[ERROR] /D:/BookStore/backend/src/main/java/com/bookstore/service/AuthService.java:[122,102] cannot find symbol
  symbol:   class OtpType
  location: package com.bookstore.domain.entity
[ERROR] /D:/BookStore/backend/src/main/java/com/bookstore/service/AuthService.java:[240,72] cannot find symbol
  symbol:   class OtpType
  location: package com.bookstore.domain.entity
[ERROR] /D:/BookStore/backend/src/main/java/com/bookstore/service/AuthService.java:[247,44] cannot find symbol
  symbol:   class OtpType
  location: package com.bookstore.domain.entity
[ERROR] /D:/BookStore/backend/src/main/java/com/bookstore/mapper/CatalogMapper.java:[124,17] cannot find symbol
  symbol:   method isFeatured(java.lang.Boolean)
  location: class com.bookstore.dto.response.BookSummaryResponse.BookSummaryResponseBuilder
[ERROR] /D:/BookStore/backend/src/main/java/com/bookstore/mapper/CatalogMapper.java:[166,17] cannot find symbol
  symbol:   method isFeatured(java.lang.Boolean)
  location: class com.bookstore.dto.response.BookDetailResponse.BookDetailResponseBuilder
[INFO] 9 errors 
[INFO] -------------------------------------------------------------
[INFO] ------------------------------------------------------------------------
[INFO] BUILD FAILURE
[INFO] ------------------------------------------------------------------------
[INFO] Total time:  21.620 s
[INFO] Finished at: 2026-04-07T00:32:16+07:00
[INFO] ------------------------------------------------------------------------
[ERROR] Failed to execute goal org.apache.maven.plugins:maven-compiler-plugin:3.13.0:compile (default-compile) on project BookStore: Compilation failure: Compilation failure: 
[ERROR] /D:/BookStore/backend/src/main/java/com/bookstore/controller/AuthController.java:[47,61] cannot find symbol
[ERROR]   symbol:   class OtpType
[ERROR]   location: package com.bookstore.domain.entity
[ERROR] /D:/BookStore/backend/src/main/java/com/bookstore/controller/AuthController.java:[59,61] cannot find symbol
[ERROR]   symbol:   class OtpType
[ERROR]   location: package com.bookstore.domain.entity
[ERROR] /D:/BookStore/backend/src/main/java/com/bookstore/controller/AuthController.java:[71,61] cannot find symbol
[ERROR]   symbol:   class OtpType
[ERROR]   location: package com.bookstore.domain.entity
[ERROR] /D:/BookStore/backend/src/main/java/com/bookstore/controller/AuthController.java:[105,61] cannot find symbol
[ERROR]   symbol:   class OtpType
[ERROR]   location: package com.bookstore.domain.entity
[ERROR] /D:/BookStore/backend/src/main/java/com/bookstore/service/AuthService.java:[122,102] cannot find symbol
[ERROR]   symbol:   class OtpType
[ERROR]   location: package com.bookstore.domain.entity
[ERROR] /D:/BookStore/backend/src/main/java/com/bookstore/service/AuthService.java:[240,72] cannot find symbol
[ERROR]   symbol:   class OtpType
[ERROR]   location: package com.bookstore.domain.entity
[ERROR] /D:/BookStore/backend/src/main/java/com/bookstore/service/AuthService.java:[247,44] cannot find symbol
[ERROR]   symbol:   class OtpType
[ERROR]   location: package com.bookstore.domain.entity
[ERROR] /D:/BookStore/backend/src/main/java/com/bookstore/mapper/CatalogMapper.java:[124,17] cannot find symbol
[ERROR]   symbol:   method isFeatured(java.lang.Boolean)
[ERROR]   location: class com.bookstore.dto.response.BookSummaryResponse.BookSummaryResponseBuilder
[ERROR] /D:/BookStore/backend/src/main/java/com/bookstore/mapper/CatalogMapper.java:[166,17] cannot find symbol
[ERROR]   symbol:   method isFeatured(java.lang.Boolean)
[ERROR]   location: class com.bookstore.dto.response.BookDetailResponse.BookDetailResponseBuilder
[ERROR] -> [Help 1]
[ERROR] 
[ERROR] To see the full stack trace of the errors, re-run Maven with the -e switch.
[ERROR] Re-run Maven using the -X switch to enable full debug logging.
[ERROR] 
[ERROR] For more information about the errors and possible solutions, please read the following articles:
[ERROR] [Help 1] http://cwiki.apache.org/confluence/display/MAVEN/MojoFailureException
